2023-04-17 10:25:54,287 [Worker-3: Loading available Gradle versions] INFO  o.e.b.c.i.u.g.PublishedGradleVersions - Gradle version information cache is out-of-date. Trying to update.
2023-04-18 09:11:03,744 [Worker-0: Loading available Gradle versions] INFO  o.e.b.c.i.u.g.PublishedGradleVersions - Gradle version information cache is up-to-date. Trying to read.
2023-04-18 10:33:37,637 [main] INFO  org.eclipse.jetty.util.log - Logging initialized @4978742ms to org.eclipse.jetty.util.log.Slf4jLog
2023-04-18 10:33:37,917 [main] INFO  org.eclipse.jetty.server.Server - jetty-9.4.29.v20200521; built: 2020-05-27T11:26:53.365Z; git: 77c232aed8a45c818fd27232278d9f95a021095e; jvm 1.8.0_361-b09
2023-04-18 10:33:37,956 [main] INFO  org.eclipse.jetty.server.session - DefaultSessionIdManager workerName=node0
2023-04-18 10:33:37,956 [main] INFO  org.eclipse.jetty.server.session - No SessionScavenger set, using defaults
2023-04-18 10:33:37,958 [main] INFO  org.eclipse.jetty.server.session - node0 Scavenging every 600000ms
2023-04-18 10:33:38,016 [main] INFO  o.e.j.server.handler.ContextHandler - Started o.e.j.s.ServletContextHandler@5edafefc{/wse,null,AVAILABLE}
2023-04-18 10:33:38,052 [main] INFO  o.e.jetty.server.AbstractConnector - Started ServerConnector@5a8d3bec{HTTP/1.1, (http/1.1)}{0.0.0.0:62281}
2023-04-18 10:33:38,052 [main] INFO  org.eclipse.jetty.server.Server - Started @4979163ms
2023-04-18 10:33:38,052 [main] INFO  org.eclipse.jetty.server.session - node0 Scavenging every 660000ms
2023-04-18 17:50:31,354 [Framework stop - Equinox Container: fdd43d5b-dacd-4b5e-a963-e52cbb6e46a1] INFO  o.e.jetty.server.AbstractConnector - Stopped ServerConnector@5a8d3bec{HTTP/1.1, (http/1.1)}{0.0.0.0:0}
2023-04-18 17:50:31,355 [Framework stop - Equinox Container: fdd43d5b-dacd-4b5e-a963-e52cbb6e46a1] INFO  org.eclipse.jetty.server.session - node0 Stopped scavenging
2023-04-18 17:50:31,436 [Framework stop - Equinox Container: fdd43d5b-dacd-4b5e-a963-e52cbb6e46a1] INFO  o.e.j.server.handler.ContextHandler - Stopped o.e.j.s.ServletContextHandler@5edafefc{/wse,null,UNAVAILABLE}
2023-04-19 09:33:37,626 [Worker-4: Loading available Gradle versions] INFO  o.e.b.c.i.u.g.PublishedGradleVersions - Gradle version information cache is out-of-date. Trying to update.
2023-04-19 12:53:58,742 [Worker-2: Loading available Gradle versions] INFO  o.e.b.c.i.u.g.PublishedGradleVersions - Gradle version information cache is up-to-date. Trying to read.
2023-04-19 14:00:24,356 [Worker-2: Loading available Gradle versions] INFO  o.e.b.c.i.u.g.PublishedGradleVersions - Gradle version information cache is up-to-date. Trying to read.
2023-04-20 09:11:03,071 [Worker-4: Loading available Gradle versions] INFO  o.e.b.c.i.u.g.PublishedGradleVersions - Gradle version information cache is up-to-date. Trying to read.
2023-04-21 09:11:46,131 [Worker-1: Loading available Gradle versions] INFO  o.e.b.c.i.u.g.PublishedGradleVersions - Gradle version information cache is out-of-date. Trying to update.
2023-04-21 13:26:11,099 [Worker-1: Loading available Gradle versions] INFO  o.e.b.c.i.u.g.PublishedGradleVersions - Gradle version information cache is up-to-date. Trying to read.
2023-04-24 09:46:57,436 [Worker-1: Loading available Gradle versions] INFO  o.e.b.c.i.u.g.PublishedGradleVersions - Gradle version information cache is up-to-date. Trying to read.
